<?xml version="1.0" encoding="UTF-8"?>
<!-- Generated by org.testng.reporters.JUnitXMLReporter -->
<testsuite ignored="0" hostname="Techweedcos-MacBook-Pro.local" failures="0" tests="4" name="Basic Tests" time="0.015" errors="0" timestamp="2026-04-09T11:11:12 GST">
  <testcase classname="test.java.com.shkera.tests.BasicTest" name="additionTest" time="0.002"/>
  <testcase classname="test.java.com.shkera.tests.BasicTest" name="arrayLengthTest" time="0.0"/>
  <testcase classname="test.java.com.shkera.tests.BasicTest" name="booleanTest" time="0.0"/>
  <testcase classname="test.java.com.shkera.tests.BasicTest" name="stringTest" time="0.0"/>
</testsuite> <!-- Basic Tests -->
