<?xml version="1.0" encoding="UTF-8"?>
<!-- Generated by org.testng.reporters.JUnitXMLReporter -->
<testsuite ignored="0" hostname="Techweedcos-MacBook-Pro.local" failures="0" tests="6" name="Basic Tests" time="0.018" errors="0" timestamp="2026-04-09T12:11:39 GST">
  <testcase classname="test.java.com.shkera.tests.BasicTest" name="additionShouldReturnCorrectResult" time="0.002"/>
  <testcase classname="test.java.com.shkera.tests.BasicTest" name="arrayShouldHaveExpectedLength" time="0.0"/>
  <testcase classname="test.java.com.shkera.tests.BasicTest" name="booleanConditionShouldEvaluateToTrue" time="0.0"/>
  <testcase classname="test.java.com.shkera.tests.BasicTest" name="stringsShouldMatchCorrectly" time="0.0"/>
  <testcase classname="test.java.com.shkera.tests.AnnotationsTest" name="numberComparisonShouldPass" time="0.0"/>
  <testcase classname="test.java.com.shkera.tests.AnnotationsTest" name="textShouldMatch" time="0.0"/>
</testsuite> <!-- Basic Tests -->
