<?xml version="1.0" encoding="UTF-8"?>
<testng-results ignored="0" total="12" passed="12" failed="0" skipped="0">
  <reporter-output>
  </reporter-output>
  <suite started-at="2026-04-11T11:15:57 GST" name="Foundation Suite" finished-at="2026-04-11T11:15:57 GST" duration-ms="28">
    <groups>
    </groups>
    <test started-at="2026-04-11T11:15:57 GST" name="Basic Tests" finished-at="2026-04-11T11:15:57 GST" duration-ms="28">
      <class name="com.shkera.tests.AnnotationsTest">
        <test-method signature="numberComparisonShouldPass()[pri:0, instance:com.shkera.tests.AnnotationsTest@6b26e945]" started-at="2026-04-11T11:15:57 GST" name="numberComparisonShouldPass" finished-at="2026-04-11T11:15:57 GST" duration-ms="0" status="PASS">
          <reporter-output>
          </reporter-output>
        </test-method> <!-- numberComparisonShouldPass -->
        <test-method is-config="true" signature="tearDown()[pri:0, instance:com.shkera.tests.AnnotationsTest@6b26e945]" started-at="2026-04-11T11:15:57 GST" name="tearDown" finished-at="2026-04-11T11:15:57 GST" duration-ms="0" status="PASS">
          <reporter-output>
          </reporter-output>
        </test-method> <!-- tearDown -->
        <test-method is-config="true" signature="setUp()[pri:0, instance:com.shkera.tests.AnnotationsTest@6b26e945]" started-at="2026-04-11T11:15:57 GST" name="setUp" finished-at="2026-04-11T11:15:57 GST" duration-ms="0" status="PASS">
          <reporter-output>
          </reporter-output>
        </test-method> <!-- setUp -->
        <test-method signature="textShouldMatch()[pri:0, instance:com.shkera.tests.AnnotationsTest@6b26e945]" started-at="2026-04-11T11:15:57 GST" name="textShouldMatch" finished-at="2026-04-11T11:15:57 GST" duration-ms="0" status="PASS">
          <reporter-output>
          </reporter-output>
        </test-method> <!-- textShouldMatch -->
        <test-method is-config="true" signature="tearDown()[pri:0, instance:com.shkera.tests.AnnotationsTest@6b26e945]" started-at="2026-04-11T11:15:57 GST" name="tearDown" finished-at="2026-04-11T11:15:57 GST" duration-ms="0" status="PASS">
          <reporter-output>
          </reporter-output>
        </test-method> <!-- tearDown -->
        <test-method is-config="true" signature="setUp()[pri:0, instance:com.shkera.tests.AnnotationsTest@6b26e945]" started-at="2026-04-11T11:15:57 GST" name="setUp" finished-at="2026-04-11T11:15:57 GST" duration-ms="0" status="PASS">
          <reporter-output>
          </reporter-output>
        </test-method> <!-- setUp -->
      </class> <!-- com.shkera.tests.AnnotationsTest -->
      <class name="com.shkera.tests.DataProviderTest">
        <test-method signature="additionShouldReturnExpectedResult(int,int,int)[pri:0, instance:com.shkera.tests.DataProviderTest@54c562f7]" started-at="2026-04-11T11:15:57 GST" name="additionShouldReturnExpectedResult" data-provider="numbers" finished-at="2026-04-11T11:15:57 GST" duration-ms="1" status="PASS">
          <params>
            <param index="0">
              <value>
                <![CDATA[2]]>
              </value>
            </param>
            <param index="1">
              <value>
                <![CDATA[3]]>
              </value>
            </param>
            <param index="2">
              <value>
                <![CDATA[5]]>
              </value>
            </param>
          </params>
          <reporter-output>
          </reporter-output>
        </test-method> <!-- additionShouldReturnExpectedResult -->
        <test-method is-config="true" signature="setUp()[pri:0, instance:com.shkera.tests.DataProviderTest@54c562f7]" started-at="2026-04-11T11:15:57 GST" name="setUp" finished-at="2026-04-11T11:15:57 GST" duration-ms="0" status="PASS">
          <reporter-output>
          </reporter-output>
        </test-method> <!-- setUp -->
        <test-method signature="additionShouldReturnExpectedResult(int,int,int)[pri:0, instance:com.shkera.tests.DataProviderTest@54c562f7]" started-at="2026-04-11T11:15:57 GST" name="additionShouldReturnExpectedResult" data-provider="numbers" finished-at="2026-04-11T11:15:57 GST" duration-ms="0" status="PASS">
          <params>
            <param index="0">
              <value>
                <![CDATA[10]]>
              </value>
            </param>
            <param index="1">
              <value>
                <![CDATA[5]]>
              </value>
            </param>
            <param index="2">
              <value>
                <![CDATA[15]]>
              </value>
            </param>
          </params>
          <reporter-output>
          </reporter-output>
        </test-method> <!-- additionShouldReturnExpectedResult -->
        <test-method is-config="true" signature="setUp()[pri:0, instance:com.shkera.tests.DataProviderTest@54c562f7]" started-at="2026-04-11T11:15:57 GST" name="setUp" finished-at="2026-04-11T11:15:57 GST" duration-ms="0" status="PASS">
          <reporter-output>
          </reporter-output>
        </test-method> <!-- setUp -->
        <test-method is-config="true" signature="tearDown()[pri:0, instance:com.shkera.tests.DataProviderTest@54c562f7]" started-at="2026-04-11T11:15:57 GST" name="tearDown" finished-at="2026-04-11T11:15:57 GST" duration-ms="0" status="PASS">
          <reporter-output>
          </reporter-output>
        </test-method> <!-- tearDown -->
        <test-method signature="additionShouldReturnExpectedResult(int,int,int)[pri:0, instance:com.shkera.tests.DataProviderTest@54c562f7]" started-at="2026-04-11T11:15:57 GST" name="additionShouldReturnExpectedResult" data-provider="numbers" finished-at="2026-04-11T11:15:57 GST" duration-ms="0" status="PASS">
          <params>
            <param index="0">
              <value>
                <![CDATA[7]]>
              </value>
            </param>
            <param index="1">
              <value>
                <![CDATA[8]]>
              </value>
            </param>
            <param index="2">
              <value>
                <![CDATA[15]]>
              </value>
            </param>
          </params>
          <reporter-output>
          </reporter-output>
        </test-method> <!-- additionShouldReturnExpectedResult -->
        <test-method is-config="true" signature="tearDown()[pri:0, instance:com.shkera.tests.DataProviderTest@54c562f7]" started-at="2026-04-11T11:15:57 GST" name="tearDown" finished-at="2026-04-11T11:15:57 GST" duration-ms="0" status="PASS">
          <reporter-output>
          </reporter-output>
        </test-method> <!-- tearDown -->
        <test-method is-config="true" signature="tearDown()[pri:0, instance:com.shkera.tests.DataProviderTest@54c562f7]" started-at="2026-04-11T11:15:57 GST" name="tearDown" finished-at="2026-04-11T11:15:57 GST" duration-ms="0" status="PASS">
          <reporter-output>
          </reporter-output>
        </test-method> <!-- tearDown -->
        <test-method is-config="true" signature="setUp()[pri:0, instance:com.shkera.tests.DataProviderTest@54c562f7]" started-at="2026-04-11T11:15:57 GST" name="setUp" finished-at="2026-04-11T11:15:57 GST" duration-ms="0" status="PASS">
          <reporter-output>
          </reporter-output>
        </test-method> <!-- setUp -->
        <test-method signature="loginShouldWorkWithValidData(java.lang.String,java.lang.String)[pri:0, instance:com.shkera.tests.DataProviderTest@54c562f7]" started-at="2026-04-11T11:15:57 GST" name="loginShouldWorkWithValidData" data-provider="loginData" finished-at="2026-04-11T11:15:57 GST" duration-ms="0" status="PASS">
          <params>
            <param index="0">
              <value>
                <![CDATA[user1]]>
              </value>
            </param>
            <param index="1">
              <value>
                <![CDATA[pass1]]>
              </value>
            </param>
          </params>
          <reporter-output>
          </reporter-output>
        </test-method> <!-- loginShouldWorkWithValidData -->
        <test-method is-config="true" signature="tearDown()[pri:0, instance:com.shkera.tests.DataProviderTest@54c562f7]" started-at="2026-04-11T11:15:57 GST" name="tearDown" finished-at="2026-04-11T11:15:57 GST" duration-ms="0" status="PASS">
          <reporter-output>
          </reporter-output>
        </test-method> <!-- tearDown -->
        <test-method is-config="true" signature="setUp()[pri:0, instance:com.shkera.tests.DataProviderTest@54c562f7]" started-at="2026-04-11T11:15:57 GST" name="setUp" finished-at="2026-04-11T11:15:57 GST" duration-ms="0" status="PASS">
          <reporter-output>
          </reporter-output>
        </test-method> <!-- setUp -->
        <test-method signature="loginShouldWorkWithValidData(java.lang.String,java.lang.String)[pri:0, instance:com.shkera.tests.DataProviderTest@54c562f7]" started-at="2026-04-11T11:15:57 GST" name="loginShouldWorkWithValidData" data-provider="loginData" finished-at="2026-04-11T11:15:57 GST" duration-ms="0" status="PASS">
          <params>
            <param index="0">
              <value>
                <![CDATA[user2]]>
              </value>
            </param>
            <param index="1">
              <value>
                <![CDATA[pass2]]>
              </value>
            </param>
          </params>
          <reporter-output>
          </reporter-output>
        </test-method> <!-- loginShouldWorkWithValidData -->
        <test-method signature="loginShouldWorkWithValidData(java.lang.String,java.lang.String)[pri:0, instance:com.shkera.tests.DataProviderTest@54c562f7]" started-at="2026-04-11T11:15:57 GST" name="loginShouldWorkWithValidData" data-provider="loginData" finished-at="2026-04-11T11:15:57 GST" duration-ms="0" status="PASS">
          <params>
            <param index="0">
              <value>
                <![CDATA[admin]]>
              </value>
            </param>
            <param index="1">
              <value>
                <![CDATA[admin123]]>
              </value>
            </param>
          </params>
          <reporter-output>
          </reporter-output>
        </test-method> <!-- loginShouldWorkWithValidData -->
        <test-method is-config="true" signature="tearDown()[pri:0, instance:com.shkera.tests.DataProviderTest@54c562f7]" started-at="2026-04-11T11:15:57 GST" name="tearDown" finished-at="2026-04-11T11:15:57 GST" duration-ms="0" status="PASS">
          <reporter-output>
          </reporter-output>
        </test-method> <!-- tearDown -->
        <test-method is-config="true" signature="setUp()[pri:0, instance:com.shkera.tests.DataProviderTest@54c562f7]" started-at="2026-04-11T11:15:57 GST" name="setUp" finished-at="2026-04-11T11:15:57 GST" duration-ms="0" status="PASS">
          <reporter-output>
          </reporter-output>
        </test-method> <!-- setUp -->
        <test-method is-config="true" signature="setUp()[pri:0, instance:com.shkera.tests.DataProviderTest@54c562f7]" started-at="2026-04-11T11:15:57 GST" name="setUp" finished-at="2026-04-11T11:15:57 GST" duration-ms="0" status="PASS">
          <reporter-output>
          </reporter-output>
        </test-method> <!-- setUp -->
        <test-method is-config="true" signature="tearDown()[pri:0, instance:com.shkera.tests.DataProviderTest@54c562f7]" started-at="2026-04-11T11:15:57 GST" name="tearDown" finished-at="2026-04-11T11:15:57 GST" duration-ms="0" status="PASS">
          <reporter-output>
          </reporter-output>
        </test-method> <!-- tearDown -->
      </class> <!-- com.shkera.tests.DataProviderTest -->
      <class name="com.shkera.tests.AssertionPracticeTest">
        <test-method is-config="true" signature="setUp()[pri:0, instance:com.shkera.tests.AssertionPracticeTest@63a65a25]" started-at="2026-04-11T11:15:57 GST" name="setUp" finished-at="2026-04-11T11:15:57 GST" duration-ms="1" status="PASS">
          <reporter-output>
          </reporter-output>
        </test-method> <!-- setUp -->
        <test-method signature="conditionShouldBeFalse()[pri:0, instance:com.shkera.tests.AssertionPracticeTest@63a65a25]" started-at="2026-04-11T11:15:57 GST" name="conditionShouldBeFalse" finished-at="2026-04-11T11:15:57 GST" duration-ms="0" status="PASS">
          <reporter-output>
          </reporter-output>
        </test-method> <!-- conditionShouldBeFalse -->
        <test-method is-config="true" signature="tearDown()[pri:0, instance:com.shkera.tests.AssertionPracticeTest@63a65a25]" started-at="2026-04-11T11:15:57 GST" name="tearDown" finished-at="2026-04-11T11:15:57 GST" duration-ms="0" status="PASS">
          <reporter-output>
          </reporter-output>
        </test-method> <!-- tearDown -->
        <test-method is-config="true" signature="setUp()[pri:0, instance:com.shkera.tests.AssertionPracticeTest@63a65a25]" started-at="2026-04-11T11:15:57 GST" name="setUp" finished-at="2026-04-11T11:15:57 GST" duration-ms="0" status="PASS">
          <reporter-output>
          </reporter-output>
        </test-method> <!-- setUp -->
        <test-method signature="valuesShouldNotMatch()[pri:0, instance:com.shkera.tests.AssertionPracticeTest@63a65a25]" started-at="2026-04-11T11:15:57 GST" name="valuesShouldNotMatch" finished-at="2026-04-11T11:15:57 GST" duration-ms="1" status="PASS">
          <reporter-output>
          </reporter-output>
        </test-method> <!-- valuesShouldNotMatch -->
        <test-method signature="valueShouldNotBeNull()[pri:0, instance:com.shkera.tests.AssertionPracticeTest@63a65a25]" started-at="2026-04-11T11:15:57 GST" name="valueShouldNotBeNull" finished-at="2026-04-11T11:15:57 GST" duration-ms="0" status="PASS">
          <reporter-output>
          </reporter-output>
        </test-method> <!-- valueShouldNotBeNull -->
        <test-method is-config="true" signature="tearDown()[pri:0, instance:com.shkera.tests.AssertionPracticeTest@63a65a25]" started-at="2026-04-11T11:15:57 GST" name="tearDown" finished-at="2026-04-11T11:15:57 GST" duration-ms="0" status="PASS">
          <reporter-output>
          </reporter-output>
        </test-method> <!-- tearDown -->
        <test-method is-config="true" signature="setUp()[pri:0, instance:com.shkera.tests.AssertionPracticeTest@63a65a25]" started-at="2026-04-11T11:15:57 GST" name="setUp" finished-at="2026-04-11T11:15:57 GST" duration-ms="0" status="PASS">
          <reporter-output>
          </reporter-output>
        </test-method> <!-- setUp -->
        <test-method is-config="true" signature="tearDown()[pri:0, instance:com.shkera.tests.AssertionPracticeTest@63a65a25]" started-at="2026-04-11T11:15:57 GST" name="tearDown" finished-at="2026-04-11T11:15:57 GST" duration-ms="0" status="PASS">
          <reporter-output>
          </reporter-output>
        </test-method> <!-- tearDown -->
      </class> <!-- com.shkera.tests.AssertionPracticeTest -->
      <class name="com.shkera.tests.BasicTest">
        <test-method is-config="true" signature="setUp()[pri:0, instance:com.shkera.tests.BasicTest@7f1302d6]" started-at="2026-04-11T11:15:57 GST" name="setUp" finished-at="2026-04-11T11:15:57 GST" duration-ms="3" status="PASS">
          <reporter-output>
          </reporter-output>
        </test-method> <!-- setUp -->
        <test-method signature="additionShouldReturnCorrectResult()[pri:0, instance:com.shkera.tests.BasicTest@7f1302d6]" started-at="2026-04-11T11:15:57 GST" name="additionShouldReturnCorrectResult" finished-at="2026-04-11T11:15:57 GST" duration-ms="3" status="PASS">
          <reporter-output>
          </reporter-output>
        </test-method> <!-- additionShouldReturnCorrectResult -->
        <test-method is-config="true" signature="tearDown()[pri:0, instance:com.shkera.tests.BasicTest@7f1302d6]" started-at="2026-04-11T11:15:57 GST" name="tearDown" finished-at="2026-04-11T11:15:57 GST" duration-ms="0" status="PASS">
          <reporter-output>
          </reporter-output>
        </test-method> <!-- tearDown -->
      </class> <!-- com.shkera.tests.BasicTest -->
    </test> <!-- Basic Tests -->
  </suite> <!-- Foundation Suite -->
</testng-results>
