<?xml version="1.0" encoding="UTF-8"?>
<testsuite xmlns:xsi="http://www.w3.org/2001/XMLSchema-instance" xsi:noNamespaceSchemaLocation="https://maven.apache.org/surefire/maven-surefire-plugin/xsd/surefire-test-report.xsd" version="3.0.2" name="TestSuite" time="5.231" tests="4" errors="0" skipped="0" failures="0">
  <properties>
[...]
</properties>
  <testcase name="additionTest" classname="test.java.com.shkera.tests.BasicTest" time="0.002">
    <system-err><![CDATA[SLF4J(W): No SLF4J providers were found.
SLF4J(W): Defaulting to no-operation (NOP) logger implementation
SLF4J(W): See https://www.slf4j.org/codes.html#noProviders for further details.
]]></system-err>
  </testcase>
  <testcase name="arrayLengthTest" classname="test.java.com.shkera.tests.BasicTest" time="0.0"/>
  <testcase name="booleanTest" classname="test.java.com.shkera.tests.BasicTest" time="0.001"/>
  <testcase name="stringTest" classname="test.java.com.shkera.tests.BasicTest" time="0.0"/>
</testsuite>