<?xml version="1.0" encoding="UTF-8"?>
<testsuite xmlns:xsi="http://www.w3.org/2001/XMLSchema-instance" xsi:noNamespaceSchemaLocation="https://maven.apache.org/surefire/maven-surefire-plugin/xsd/surefire-test-report.xsd" version="3.0.2" name="TestSuite" time="5.26" tests="15" errors="0" skipped="0" failures="0">
  <properties>
[...]
</properties>
  <testcase name="additionShouldReturnCorrectResult" classname="com.shkera.tests.BasicTest" time="0.012">
    <system-err><![CDATA[SLF4J(W): No SLF4J providers were found.
SLF4J(W): Defaulting to no-operation (NOP) logger implementation
SLF4J(W): See https://www.slf4j.org/codes.html#noProviders for further details.
]]></system-err>
  </testcase>
  <testcase name="arrayShouldHaveExpectedLength" classname="com.shkera.tests.BasicTest" time="0.0"/>
  <testcase name="booleanConditionShouldEvaluateToTrue" classname="com.shkera.tests.BasicTest" time="0.0"/>
  <testcase name="stringsShouldMatchCorrectly" classname="com.shkera.tests.BasicTest" time="0.0"/>
  <testcase name="numberComparisonShouldPass" classname="com.shkera.tests.AnnotationsTest" time="0.0">
    <system-out><![CDATA[Setting up before test
Running number comparison test
]]></system-out>
  </testcase>
  <testcase name="textShouldMatch" classname="com.shkera.tests.AnnotationsTest" time="0.0">
    <system-out><![CDATA[Cleaning up after test
Setting up before test
Running text match test
]]></system-out>
  </testcase>
  <testcase name="conditionShouldBeFalse" classname="com.shkera.tests.AssertionPracticeTest" time="0.0">
    <system-out><![CDATA[Cleaning up after test
]]></system-out>
  </testcase>
  <testcase name="valueShouldNotBeNull" classname="com.shkera.tests.AssertionPracticeTest" time="0.0"/>
  <testcase name="valuesShouldNotMatch" classname="com.shkera.tests.AssertionPracticeTest" time="0.0"/>
  <testcase name="additionShouldReturnExpectedResult[2, 3, 5](1)" classname="com.shkera.tests.DataProviderTest" time="0.0"/>
  <testcase name="additionShouldReturnExpectedResult[10, 5, 15](2)" classname="com.shkera.tests.DataProviderTest" time="0.0"/>
  <testcase name="additionShouldReturnExpectedResult[7, 8, 15](3)" classname="com.shkera.tests.DataProviderTest" time="0.001"/>
  <testcase name="loginShouldWorkWithValidData[user1, pass1](1)" classname="com.shkera.tests.DataProviderTest" time="0.001">
    <system-out><![CDATA[Testing login with: user1 / pass1
]]></system-out>
  </testcase>
  <testcase name="loginShouldWorkWithValidData[user2, pass2](2)" classname="com.shkera.tests.DataProviderTest" time="0.0">
    <system-out><![CDATA[Testing login with: user2 / pass2
]]></system-out>
  </testcase>
  <testcase name="loginShouldWorkWithValidData[admin, admin123](3)" classname="com.shkera.tests.DataProviderTest" time="0.0">
    <system-out><![CDATA[Testing login with: admin / admin123
]]></system-out>
  </testcase>
</testsuite>