<?xml version="1.0" encoding="UTF-8"?>
<!-- Generated by org.testng.reporters.JUnitReportReporter -->
<testsuite hostname="Techweedcos-MacBook-Pro.local" failures="0" tests="3" name="com.shkera.tests.AssertionPracticeTest" time="0.002" errors="0" timestamp="2026-04-11T11:16:02 GST" skipped="0">
  <testcase classname="com.shkera.tests.AssertionPracticeTest" name="valueShouldNotBeNull" time="0.001"/>
  <testcase classname="com.shkera.tests.AssertionPracticeTest" name="valuesShouldNotMatch" time="0.001"/>
  <testcase classname="com.shkera.tests.AssertionPracticeTest" name="conditionShouldBeFalse" time="0.000"/>
</testsuite> <!-- com.shkera.tests.AssertionPracticeTest -->
