<?xml version="1.0" encoding="UTF-8"?>
<!-- Generated by org.testng.reporters.JUnitReportReporter -->
<testsuite hostname="Techweedcos-MacBook-Pro.local" failures="0" tests="6" name="com.shkera.tests.DataProviderTest" time="0.001" errors="0" timestamp="2026-04-11T11:16:02 GST" skipped="0">
  <testcase classname="com.shkera.tests.DataProviderTest" name="loginShouldWorkWithValidData" time="0.000"/>
  <testcase classname="com.shkera.tests.DataProviderTest" name="loginShouldWorkWithValidData" time="0.000"/>
  <testcase classname="com.shkera.tests.DataProviderTest" name="additionShouldReturnExpectedResult" time="0.001"/>
  <testcase classname="com.shkera.tests.DataProviderTest" name="loginShouldWorkWithValidData" time="0.000"/>
  <testcase classname="com.shkera.tests.DataProviderTest" name="additionShouldReturnExpectedResult" time="0.000"/>
  <testcase classname="com.shkera.tests.DataProviderTest" name="additionShouldReturnExpectedResult" time="0.000"/>
</testsuite> <!-- com.shkera.tests.DataProviderTest -->
