<?xml version="1.0" encoding="UTF-8"?>
<!-- Generated by org.testng.reporters.JUnitReportReporter -->
<testsuite hostname="Techweedcos-MacBook-Pro.local" failures="0" tests="2" name="com.shkera.tests.AnnotationsTest" time="0.000" errors="0" timestamp="2026-04-11T11:16:02 GST" skipped="0">
  <testcase classname="com.shkera.tests.AnnotationsTest" name="numberComparisonShouldPass" time="0.000"/>
  <testcase classname="com.shkera.tests.AnnotationsTest" name="textShouldMatch" time="0.000"/>
</testsuite> <!-- com.shkera.tests.AnnotationsTest -->
