<?xml version="1.0" encoding="UTF-8"?>
<!-- Generated by org.testng.reporters.JUnitReportReporter -->
<testsuite hostname="Techweedcos-MacBook-Pro.local" failures="0" tests="2" name="com.shkera.tests.AnnotationsTest" time="0.002" errors="0" timestamp="2026-04-11T10:07:14 GST" skipped="0">
  <testcase classname="com.shkera.tests.AnnotationsTest" name="textShouldMatch" time="0.002"/>
  <testcase classname="com.shkera.tests.AnnotationsTest" name="numberComparisonShouldPass" time="0.000"/>
</testsuite> <!-- com.shkera.tests.AnnotationsTest -->
