<?xml version="1.0" encoding="UTF-8"?>
<!-- Generated by org.testng.reporters.JUnitReportReporter -->
<testsuite hostname="Techweedcos-MacBook-Pro.local" failures="0" tests="4" name="com.shkera.tests.BasicTest" time="0.013" errors="0" timestamp="2026-04-11T10:07:14 GST" skipped="0">
  <testcase classname="com.shkera.tests.BasicTest" name="booleanConditionShouldEvaluateToTrue" time="0.001"/>
  <testcase classname="com.shkera.tests.BasicTest" name="stringsShouldMatchCorrectly" time="0.001"/>
  <testcase classname="com.shkera.tests.BasicTest" name="additionShouldReturnCorrectResult" time="0.010"/>
  <testcase classname="com.shkera.tests.BasicTest" name="arrayShouldHaveExpectedLength" time="0.001"/>
</testsuite> <!-- com.shkera.tests.BasicTest -->
