<?xml version="1.0" encoding="UTF-8"?>
<!-- Generated by org.testng.reporters.JUnitReportReporter -->
<testsuite hostname="Techweedcos-MacBook-Pro.local" failures="0" tests="4" name="test.java.com.shkera.tests.BasicTest" time="0.002" errors="0" timestamp="2026-04-09T11:11:12 GST" skipped="0">
  <testcase classname="test.java.com.shkera.tests.BasicTest" name="additionTest" time="0.002"/>
  <testcase classname="test.java.com.shkera.tests.BasicTest" name="booleanTest" time="0.000"/>
  <testcase classname="test.java.com.shkera.tests.BasicTest" name="stringTest" time="0.000"/>
  <testcase classname="test.java.com.shkera.tests.BasicTest" name="arrayLengthTest" time="0.000"/>
</testsuite> <!-- test.java.com.shkera.tests.BasicTest -->
