<?xml version="1.0" encoding="UTF-8"?>
<!-- Generated by org.testng.reporters.JUnitReportReporter -->
<testsuite hostname="Techweedcos-MacBook-Pro.local" failures="0" tests="2" name="test.java.com.shkera.tests.AnnotationsTest" time="0.001" errors="0" timestamp="2026-04-09T12:11:39 GST" skipped="0">
  <testcase classname="test.java.com.shkera.tests.AnnotationsTest" name="numberComparisonShouldPass" time="0.000"/>
  <testcase classname="test.java.com.shkera.tests.AnnotationsTest" name="textShouldMatch" time="0.001"/>
</testsuite> <!-- test.java.com.shkera.tests.AnnotationsTest -->
